[ 2014-07-20T08:06:09+08:00 ] 221.224.47.221 /kedabao/index.php/Customer/Index/index
INFO: [ route_check ] --START--
INFO: CheckRoute Behavior ::run [ RunTime:0.000590s ]
INFO: [ route_check ] --END-- [ RunTime:0.000697s ]
INFO: [ app_begin ] --START--
INFO: ReadHtmlCache Behavior ::run [ RunTime:0.000428s ]
INFO: [ app_begin ] --END-- [ RunTime:0.000487s ]

[ 2014-07-20T08:06:09+08:00 ] 221.224.47.221 /kedabao/index.php/Customer/Login/login
INFO: [ route_check ] --START--
INFO: CheckRoute Behavior ::run [ RunTime:0.000599s ]
INFO: [ route_check ] --END-- [ RunTime:0.000691s ]
INFO: [ app_begin ] --START--
INFO: ReadHtmlCache Behavior ::run [ RunTime:0.000432s ]
INFO: [ app_begin ] --END-- [ RunTime:0.000490s ]
INFO: [ view_parse ] --START--
INFO: ParseTemplate Behavior ::run [ RunTime:0.005073s ]
INFO: [ view_parse ] --END-- [ RunTime:0.005130s ]
INFO: [ view_filter ] --START--
INFO: ContentReplace Behavior ::run [ RunTime:0.000306s ]
INFO: TokenBuild Behavior ::run [ RunTime:0.000322s ]
INFO: WriteHtmlCache Behavior ::run [ RunTime:0.000243s ]
INFO: ShowRuntime Behavior ::run [ RunTime:0.000369s ]
INFO: [ view_filter ] --END-- [ RunTime:0.001402s ]
INFO: [ view_end ] --START--
INFO: ShowPageTrace Behavior ::run [ RunTime:0.000472s ]
INFO: [ view_end ] --END-- [ RunTime:0.000522s ]

[ 2014-07-20T09:53:17+08:00 ] 58.208.166.86 /kedabao/index.php/Customer/Wxdisplay/index/wxcats/%E7%BA%BA%E7%BB%87%E7%B1%BB/uid/100002
INFO: [ route_check ] --START--
INFO: CheckRoute Behavior ::run [ RunTime:0.000597s ]
INFO: [ route_check ] --END-- [ RunTime:0.000689s ]
INFO: [ app_begin ] --START--
INFO: ReadHtmlCache Behavior ::run [ RunTime:0.000657s ]
INFO: [ app_begin ] --END-- [ RunTime:0.000716s ]
SQL: SHOW COLUMNS FROM `cats` [ RunTime:0.001892s ]
SQL: SELECT * FROM `cats` WHERE ( uid=100002 )  [ RunTime:0.001597s ]
SQL: SHOW COLUMNS FROM `dishes` [ RunTime:0.001941s ]
SQL: SELECT `dname`,`picpath`,`url`,`isset` FROM `dishes` WHERE ( isset=1 AND cid='84' )  [ RunTime:0.001487s ]
SQL: SELECT `dname`,`picpath`,`url`,`isset` FROM `dishes` WHERE ( isset=1 AND cid='85' )  [ RunTime:0.001471s ]
SQL: SELECT `dname`,`picpath`,`url`,`isset` FROM `dishes` WHERE ( isset=1 AND cid='86' )  [ RunTime:0.001530s ]
SQL: SELECT `dname`,`picpath`,`url`,`isset` FROM `dishes` WHERE ( isset=1 AND cid='87' )  [ RunTime:0.001460s ]
SQL: SELECT `dname`,`picpath`,`url`,`isset` FROM `dishes` WHERE ( isset=1 AND cid='88' )  [ RunTime:0.001525s ]
SQL: SELECT `dname`,`picpath`,`url`,`isset` FROM `dishes` WHERE ( isset=1 AND cid='90' )  [ RunTime:0.001459s ]
SQL: SELECT `dname`,`picpath`,`url`,`isset` FROM `dishes` WHERE ( isset=1 AND cid='91' )  [ RunTime:0.001451s ]
SQL: SELECT `dname`,`picpath`,`url`,`isset` FROM `dishes` WHERE ( isset=1 AND cid='95' )  [ RunTime:0.001467s ]
NOTIC: [2] unlink() expects parameter 1 to be string, array given /data/home/hlu022149/htdocs/kedabao/App/Modules/Customer/Action/WxdisplayAction.class.php 第 36 行.
NOTIC: [2] unlink() expects parameter 1 to be string, array given /data/home/hlu022149/htdocs/kedabao/App/Modules/Customer/Action/WxdisplayAction.class.php 第 36 行.
NOTIC: [2] unlink() expects parameter 1 to be string, array given /data/home/hlu022149/htdocs/kedabao/App/Modules/Customer/Action/WxdisplayAction.class.php 第 36 行.
INFO: [ view_parse ] --START--
INFO: ParseTemplate Behavior ::run [ RunTime:0.008220s ]
INFO: [ view_parse ] --END-- [ RunTime:0.008278s ]
INFO: [ view_filter ] --START--
INFO: ContentReplace Behavior ::run [ RunTime:0.000368s ]
INFO: TokenBuild Behavior ::run [ RunTime:0.000335s ]
INFO: WriteHtmlCache Behavior ::run [ RunTime:0.000384s ]
INFO: ShowRuntime Behavior ::run [ RunTime:0.000383s ]
INFO: [ view_filter ] --END-- [ RunTime:0.001612s ]
INFO: [ view_end ] --START--
INFO: ShowPageTrace Behavior ::run [ RunTime:0.000449s ]
INFO: [ view_end ] --END-- [ RunTime:0.000501s ]

[ 2014-07-20T09:53:19+08:00 ] 58.208.166.86 /kedabao/index.php/Customer/Wxdisplay/index/wxcats/%E7%BA%BA%E7%BB%87%E7%B1%BB/uid/100002/lid/84
INFO: [ route_check ] --START--
INFO: CheckRoute Behavior ::run [ RunTime:0.000609s ]
INFO: [ route_check ] --END-- [ RunTime:0.000703s ]
INFO: [ app_begin ] --START--

[ 2014-07-20T09:53:21+08:00 ] 58.208.166.86 /kedabao/index.php/Prodisplay/index/pid/78/uid/100002
INFO: [ route_check ] --START--
INFO: CheckRoute Behavior ::run [ RunTime:0.000605s ]
INFO: [ route_check ] --END-- [ RunTime:0.000697s ]
INFO: [ app_begin ] --START--
INFO: ReadHtmlCache Behavior ::run [ RunTime:0.000638s ]
INFO: [ app_begin ] --END-- [ RunTime:0.000698s ]
SQL: SHOW COLUMNS FROM `prodisplay` [ RunTime:0.002738s ]
SQL: SELECT * FROM `prodisplay` WHERE ( `pid` = 78 ) AND ( `uid` = 100002 )  [ RunTime:0.001828s ]
SQL: SHOW COLUMNS FROM `dishes` [ RunTime:0.002102s ]
SQL: SELECT `picpath` FROM `dishes` WHERE ( 1=1 AND id='78' ) LIMIT 1   [ RunTime:0.001623s ]
INFO: [ view_parse ] --START--
INFO: ParseTemplate Behavior ::run [ RunTime:0.007103s ]
INFO: [ view_parse ] --END-- [ RunTime:0.007163s ]
INFO: [ view_filter ] --START--
INFO: ContentReplace Behavior ::run [ RunTime:0.000347s ]
INFO: TokenBuild Behavior ::run [ RunTime:0.000314s ]
INFO: WriteHtmlCache Behavior ::run [ RunTime:0.000364s ]
INFO: ShowRuntime Behavior ::run [ RunTime:0.000371s ]
INFO: [ view_filter ] --END-- [ RunTime:0.001541s ]
INFO: [ view_end ] --START--
INFO: ShowPageTrace Behavior ::run [ RunTime:0.000447s ]
INFO: [ view_end ] --END-- [ RunTime:0.000496s ]

[ 2014-07-20T09:53:37+08:00 ] 58.208.166.86 /kedabao/index.php/Customer/Wxdisplay/index/wxcats/%E5%8C%96%E7%BA%A4%E7%B1%BB/uid/100002
INFO: [ route_check ] --START--
INFO: CheckRoute Behavior ::run [ RunTime:0.000602s ]
INFO: [ route_check ] --END-- [ RunTime:0.000695s ]
INFO: [ app_begin ] --START--
INFO: ReadHtmlCache Behavior ::run [ RunTime:0.000641s ]
INFO: [ app_begin ] --END-- [ RunTime:0.000700s ]
SQL: SHOW COLUMNS FROM `cats` [ RunTime:0.001709s ]
SQL: SELECT * FROM `cats` WHERE ( uid=100002 )  [ RunTime:0.001086s ]
SQL: SHOW COLUMNS FROM `dishes` [ RunTime:0.001824s ]
SQL: SELECT `dname`,`picpath`,`url`,`isset` FROM `dishes` WHERE ( isset=1 AND cid='84' )  [ RunTime:0.001080s ]
SQL: SELECT `dname`,`picpath`,`url`,`isset` FROM `dishes` WHERE ( isset=1 AND cid='85' )  [ RunTime:0.001090s ]
SQL: SELECT `dname`,`picpath`,`url`,`isset` FROM `dishes` WHERE ( isset=1 AND cid='86' )  [ RunTime:0.001023s ]
SQL: SELECT `dname`,`picpath`,`url`,`isset` FROM `dishes` WHERE ( isset=1 AND cid='87' )  [ RunTime:0.001140s ]
SQL: SELECT `dname`,`picpath`,`url`,`isset` FROM `dishes` WHERE ( isset=1 AND cid='88' )  [ RunTime:0.001112s ]
SQL: SELECT `dname`,`picpath`,`url`,`isset` FROM `dishes` WHERE ( isset=1 AND cid='90' )  [ RunTime:0.001078s ]
SQL: SELECT `dname`,`picpath`,`url`,`isset` FROM `dishes` WHERE ( isset=1 AND cid='91' )  [ RunTime:0.001067s ]
SQL: SELECT `dname`,`picpath`,`url`,`isset` FROM `dishes` WHERE ( isset=1 AND cid='95' )  [ RunTime:0.001007s ]
NOTIC: [2] unlink() expects parameter 1 to be string, array given /data/home/hlu022149/htdocs/kedabao/App/Modules/Customer/Action/WxdisplayAction.class.php 第 36 行.
NOTIC: [2] unlink() expects parameter 1 to be string, array given /data/home/hlu022149/htdocs/kedabao/App/Modules/Customer/Action/WxdisplayAction.class.php 第 36 行.
NOTIC: [2] unlink() expects parameter 1 to be string, array given /data/home/hlu022149/htdocs/kedabao/App/Modules/Customer/Action/WxdisplayAction.class.php 第 36 行.
NOTIC: [2] unlink() expects parameter 1 to be string, array given /data/home/hlu022149/htdocs/kedabao/App/Modules/Customer/Action/WxdisplayAction.class.php 第 36 行.
NOTIC: [2] unlink() expects parameter 1 to be string, array given /data/home/hlu022149/htdocs/kedabao/App/Modules/Customer/Action/WxdisplayAction.class.php 第 36 行.
INFO: [ view_parse ] --START--
INFO: ParseTemplate Behavior ::run [ RunTime:0.008213s ]
INFO: [ view_parse ] --END-- [ RunTime:0.008273s ]
INFO: [ view_filter ] --START--
INFO: ContentReplace Behavior ::run [ RunTime:0.000354s ]
INFO: TokenBuild Behavior ::run [ RunTime:0.000332s ]
INFO: WriteHtmlCache Behavior ::run [ RunTime:0.000382s ]
INFO: ShowRuntime Behavior ::run [ RunTime:0.000377s ]
INFO: [ view_filter ] --END-- [ RunTime:0.001588s ]
INFO: [ view_end ] --START--
INFO: ShowPageTrace Behavior ::run [ RunTime:0.000453s ]
INFO: [ view_end ] --END-- [ RunTime:0.000505s ]

[ 2014-07-20T09:53:39+08:00 ] 58.208.166.86 /kedabao/index.php/Customer/Wxdisplay/index/wxcats/%E5%8C%96%E7%BA%A4%E7%B1%BB/uid/100002/lid/85
INFO: [ route_check ] --START--
INFO: CheckRoute Behavior ::run [ RunTime:0.000605s ]
INFO: [ route_check ] --END-- [ RunTime:0.000698s ]
INFO: [ app_begin ] --START--

[ 2014-07-20T09:53:50+08:00 ] 58.208.166.86 /kedabao/index.php/Customer/Wxdisplay/index/wxcats/%E7%BA%BA%E7%BB%87%E7%B1%BB/uid/100002
INFO: [ route_check ] --START--
INFO: CheckRoute Behavior ::run [ RunTime:0.000615s ]
INFO: [ route_check ] --END-- [ RunTime:0.000706s ]
INFO: [ app_begin ] --START--
INFO: ReadHtmlCache Behavior ::run [ RunTime:0.000660s ]
INFO: [ app_begin ] --END-- [ RunTime:0.000720s ]
SQL: SHOW COLUMNS FROM `cats` [ RunTime:0.001617s ]
SQL: SELECT * FROM `cats` WHERE ( uid=100002 )  [ RunTime:0.001163s ]
SQL: SHOW COLUMNS FROM `dishes` [ RunTime:0.001666s ]
SQL: SELECT `dname`,`picpath`,`url`,`isset` FROM `dishes` WHERE ( isset=1 AND cid='84' )  [ RunTime:0.001039s ]
SQL: SELECT `dname`,`picpath`,`url`,`isset` FROM `dishes` WHERE ( isset=1 AND cid='85' )  [ RunTime:0.001013s ]
SQL: SELECT `dname`,`picpath`,`url`,`isset` FROM `dishes` WHERE ( isset=1 AND cid='86' )  [ RunTime:0.001043s ]
SQL: SELECT `dname`,`picpath`,`url`,`isset` FROM `dishes` WHERE ( isset=1 AND cid='87' )  [ RunTime:0.001032s ]
SQL: SELECT `dname`,`picpath`,`url`,`isset` FROM `dishes` WHERE ( isset=1 AND cid='88' )  [ RunTime:0.000999s ]
SQL: SELECT `dname`,`picpath`,`url`,`isset` FROM `dishes` WHERE ( isset=1 AND cid='90' )  [ RunTime:0.001006s ]
SQL: SELECT `dname`,`picpath`,`url`,`isset` FROM `dishes` WHERE ( isset=1 AND cid='91' )  [ RunTime:0.001013s ]
SQL: SELECT `dname`,`picpath`,`url`,`isset` FROM `dishes` WHERE ( isset=1 AND cid='95' )  [ RunTime:0.000992s ]
NOTIC: [2] unlink() expects parameter 1 to be string, array given /data/home/hlu022149/htdocs/kedabao/App/Modules/Customer/Action/WxdisplayAction.class.php 第 36 行.
NOTIC: [2] unlink() expects parameter 1 to be string, array given /data/home/hlu022149/htdocs/kedabao/App/Modules/Customer/Action/WxdisplayAction.class.php 第 36 行.
NOTIC: [2] unlink() expects parameter 1 to be string, array given /data/home/hlu022149/htdocs/kedabao/App/Modules/Customer/Action/WxdisplayAction.class.php 第 36 行.
INFO: [ view_parse ] --START--
INFO: ParseTemplate Behavior ::run [ RunTime:0.008221s ]
INFO: [ view_parse ] --END-- [ RunTime:0.008293s ]
INFO: [ view_filter ] --START--
INFO: ContentReplace Behavior ::run [ RunTime:0.000365s ]
INFO: TokenBuild Behavior ::run [ RunTime:0.000318s ]
INFO: WriteHtmlCache Behavior ::run [ RunTime:0.000404s ]
INFO: ShowRuntime Behavior ::run [ RunTime:0.000367s ]
INFO: [ view_filter ] --END-- [ RunTime:0.001597s ]
INFO: [ view_end ] --START--
INFO: ShowPageTrace Behavior ::run [ RunTime:0.000470s ]
INFO: [ view_end ] --END-- [ RunTime:0.000519s ]

[ 2014-07-20T10:37:06+08:00 ] 221.224.47.221 /kedabao/index.php/Customer/Index/index
INFO: [ route_check ] --START--
INFO: CheckRoute Behavior ::run [ RunTime:0.000601s ]
INFO: [ route_check ] --END-- [ RunTime:0.000695s ]
INFO: [ app_begin ] --START--
INFO: ReadHtmlCache Behavior ::run [ RunTime:0.000458s ]
INFO: [ app_begin ] --END-- [ RunTime:0.000518s ]

[ 2014-07-20T10:37:06+08:00 ] 221.224.47.221 /kedabao/index.php/Customer/Login/login
INFO: [ route_check ] --START--
INFO: CheckRoute Behavior ::run [ RunTime:0.000696s ]
INFO: [ route_check ] --END-- [ RunTime:0.000820s ]
INFO: [ app_begin ] --START--
INFO: ReadHtmlCache Behavior ::run [ RunTime:0.000442s ]
INFO: [ app_begin ] --END-- [ RunTime:0.000501s ]
INFO: [ view_parse ] --START--
INFO: ParseTemplate Behavior ::run [ RunTime:0.005124s ]
INFO: [ view_parse ] --END-- [ RunTime:0.005183s ]
INFO: [ view_filter ] --START--
INFO: ContentReplace Behavior ::run [ RunTime:0.000313s ]
INFO: TokenBuild Behavior ::run [ RunTime:0.000323s ]
INFO: WriteHtmlCache Behavior ::run [ RunTime:0.000255s ]
INFO: ShowRuntime Behavior ::run [ RunTime:0.000359s ]
INFO: [ view_filter ] --END-- [ RunTime:0.001409s ]
INFO: [ view_end ] --START--
INFO: ShowPageTrace Behavior ::run [ RunTime:0.000489s ]
INFO: [ view_end ] --END-- [ RunTime:0.000540s ]

[ 2014-07-20T14:36:31+08:00 ] 221.224.47.221 /kedabao/index.php/Customer/Index/index
INFO: [ route_check ] --START--
INFO: CheckRoute Behavior ::run [ RunTime:0.000605s ]
INFO: [ route_check ] --END-- [ RunTime:0.000701s ]
INFO: [ app_begin ] --START--
INFO: ReadHtmlCache Behavior ::run [ RunTime:0.000440s ]
INFO: [ app_begin ] --END-- [ RunTime:0.000501s ]

[ 2014-07-20T14:36:31+08:00 ] 221.224.47.221 /kedabao/index.php/Customer/Login/login
INFO: [ route_check ] --START--
INFO: CheckRoute Behavior ::run [ RunTime:0.000605s ]
INFO: [ route_check ] --END-- [ RunTime:0.000697s ]
INFO: [ app_begin ] --START--
INFO: ReadHtmlCache Behavior ::run [ RunTime:0.000424s ]
INFO: [ app_begin ] --END-- [ RunTime:0.000483s ]
INFO: [ view_parse ] --START--
INFO: ParseTemplate Behavior ::run [ RunTime:0.005117s ]
INFO: [ view_parse ] --END-- [ RunTime:0.005177s ]
INFO: [ view_filter ] --START--
INFO: ContentReplace Behavior ::run [ RunTime:0.000318s ]
INFO: TokenBuild Behavior ::run [ RunTime:0.000325s ]
INFO: WriteHtmlCache Behavior ::run [ RunTime:0.000246s ]
INFO: ShowRuntime Behavior ::run [ RunTime:0.000372s ]
INFO: [ view_filter ] --END-- [ RunTime:0.001425s ]
INFO: [ view_end ] --START--
INFO: ShowPageTrace Behavior ::run [ RunTime:0.000467s ]
INFO: [ view_end ] --END-- [ RunTime:0.000518s ]

[ 2014-07-20T14:36:36+08:00 ] 221.224.47.221 /kedabao/index.php/Customer/Login/doLogin
INFO: [ route_check ] --START--
INFO: CheckRoute Behavior ::run [ RunTime:0.000610s ]
INFO: [ route_check ] --END-- [ RunTime:0.000716s ]
INFO: [ app_begin ] --START--
INFO: ReadHtmlCache Behavior ::run [ RunTime:0.000452s ]
INFO: [ app_begin ] --END-- [ RunTime:0.000511s ]
SQL: SHOW COLUMNS FROM `members` [ RunTime:0.001757s ]
SQL: SELECT * FROM `members` WHERE ( `username` = 'admin' ) AND ( `password` = '2' ) AND ( `del` = 0 ) LIMIT 1   [ RunTime:0.001160s ]
SQL: SHOW COLUMNS FROM `wxconf` [ RunTime:0.001613s ]
INFO: [ view_parse ] --START--
INFO: ParseTemplate Behavior ::run [ RunTime:0.005399s ]
INFO: [ view_parse ] --END-- [ RunTime:0.005461s ]
INFO: [ view_filter ] --START--
INFO: ContentReplace Behavior ::run [ RunTime:0.000309s ]
INFO: TokenBuild Behavior ::run [ RunTime:0.000337s ]
INFO: WriteHtmlCache Behavior ::run [ RunTime:0.000242s ]
INFO: ShowRuntime Behavior ::run [ RunTime:0.000363s ]
INFO: [ view_filter ] --END-- [ RunTime:0.001395s ]
INFO: [ view_end ] --START--
INFO: ShowPageTrace Behavior ::run [ RunTime:0.000488s ]
INFO: [ view_end ] --END-- [ RunTime:0.000538s ]

[ 2014-07-20T14:36:37+08:00 ] 221.224.47.221 /kedabao/index.php/Customer/Index/index
INFO: [ route_check ] --START--
INFO: CheckRoute Behavior ::run [ RunTime:0.000598s ]
INFO: [ route_check ] --END-- [ RunTime:0.000687s ]
INFO: [ app_begin ] --START--
INFO: ReadHtmlCache Behavior ::run [ RunTime:0.000504s ]
INFO: [ app_begin ] --END-- [ RunTime:0.000575s ]
INFO: [ view_parse ] --START--
NOTIC: [8] Use of undefined constant admin - assumed 'admin' /data/home/hlu022149/htdocs/kedabao/App/Runtime/Cache/Customer/a69567ef7d026f560fbb862e1e569254.php 第 40 行.
NOTIC: [8] Use of undefined constant admin - assumed 'admin' /data/home/hlu022149/htdocs/kedabao/App/Runtime/Cache/Customer/a69567ef7d026f560fbb862e1e569254.php 第 101 行.
INFO: ParseTemplate Behavior ::run [ RunTime:0.009128s ]
INFO: [ view_parse ] --END-- [ RunTime:0.009187s ]
INFO: [ view_filter ] --START--
INFO: ContentReplace Behavior ::run [ RunTime:0.000426s ]
INFO: TokenBuild Behavior ::run [ RunTime:0.000317s ]
INFO: WriteHtmlCache Behavior ::run [ RunTime:0.000241s ]
INFO: ShowRuntime Behavior ::run [ RunTime:0.000375s ]
INFO: [ view_filter ] --END-- [ RunTime:0.001514s ]
INFO: [ view_end ] --START--
INFO: ShowPageTrace Behavior ::run [ RunTime:0.000449s ]
INFO: [ view_end ] --END-- [ RunTime:0.000499s ]

[ 2014-07-20T14:36:52+08:00 ] 221.224.47.221 /kedabao/index.php/Customer/Cats/index
INFO: [ route_check ] --START--
INFO: CheckRoute Behavior ::run [ RunTime:0.000593s ]
INFO: [ route_check ] --END-- [ RunTime:0.000684s ]
INFO: [ app_begin ] --START--
INFO: ReadHtmlCache Behavior ::run [ RunTime:0.000451s ]
INFO: [ app_begin ] --END-- [ RunTime:0.000515s ]
SQL: SHOW COLUMNS FROM `cats` [ RunTime:0.002368s ]
SQL: SELECT COUNT(*) AS tp_count FROM `cats` WHERE ( uid=100001 ) LIMIT 1   [ RunTime:0.001638s ]
SQL: SELECT * FROM `cats` WHERE ( uid=100001 ) ORDER BY wx_cats LIMIT 0,8   [ RunTime:0.001674s ]
INFO: [ view_parse ] --START--
NOTIC: [8] Use of undefined constant admin - assumed 'admin' /data/home/hlu022149/htdocs/kedabao/App/Runtime/Cache/Customer/4e0f6577586735ec8eec0ad59ebfb065.php 第 49 行.
NOTIC: [8] Use of undefined constant admin - assumed 'admin' /data/home/hlu022149/htdocs/kedabao/App/Runtime/Cache/Customer/4e0f6577586735ec8eec0ad59ebfb065.php 第 110 行.
INFO: ParseTemplate Behavior ::run [ RunTime:0.010715s ]
INFO: [ view_parse ] --END-- [ RunTime:0.010792s ]
INFO: [ view_filter ] --START--
INFO: ContentReplace Behavior ::run [ RunTime:0.000369s ]
INFO: TokenBuild Behavior ::run [ RunTime:0.000310s ]
INFO: WriteHtmlCache Behavior ::run [ RunTime:0.000237s ]
INFO: ShowRuntime Behavior ::run [ RunTime:0.000369s ]
INFO: [ view_filter ] --END-- [ RunTime:0.001426s ]
INFO: [ view_end ] --START--
INFO: ShowPageTrace Behavior ::run [ RunTime:0.000452s ]
INFO: [ view_end ] --END-- [ RunTime:0.000502s ]

[ 2014-07-20T14:36:56+08:00 ] 221.224.47.221 /kedabao/index.php/Admin/Index/index
INFO: [ route_check ] --START--
INFO: CheckRoute Behavior ::run [ RunTime:0.000602s ]
INFO: [ route_check ] --END-- [ RunTime:0.000694s ]
INFO: [ app_begin ] --START--
INFO: ReadHtmlCache Behavior ::run [ RunTime:0.000417s ]
INFO: [ app_begin ] --END-- [ RunTime:0.000496s ]
INFO: [ view_parse ] --START--
INFO: ParseTemplate Behavior ::run [ RunTime:0.007211s ]
INFO: [ view_parse ] --END-- [ RunTime:0.007270s ]
INFO: [ view_filter ] --START--
INFO: ContentReplace Behavior ::run [ RunTime:0.000339s ]
INFO: TokenBuild Behavior ::run [ RunTime:0.000321s ]
INFO: WriteHtmlCache Behavior ::run [ RunTime:0.000256s ]
INFO: ShowRuntime Behavior ::run [ RunTime:0.000367s ]
INFO: [ view_filter ] --END-- [ RunTime:0.001430s ]
INFO: [ view_end ] --START--
INFO: ShowPageTrace Behavior ::run [ RunTime:0.000470s ]
INFO: [ view_end ] --END-- [ RunTime:0.000522s ]

[ 2014-07-20T14:36:58+08:00 ] 221.224.47.221 /kedabao/index.php/Admin/Member/memberAdd
INFO: [ route_check ] --START--
INFO: CheckRoute Behavior ::run [ RunTime:0.000600s ]
INFO: [ route_check ] --END-- [ RunTime:0.000694s ]
INFO: [ app_begin ] --START--
INFO: ReadHtmlCache Behavior ::run [ RunTime:0.000420s ]
INFO: [ app_begin ] --END-- [ RunTime:0.000481s ]
SQL: SHOW COLUMNS FROM `members` [ RunTime:0.002679s ]
SQL: SELECT `uid` FROM `members` ORDER BY uid desc LIMIT 1   [ RunTime:0.001780s ]
INFO: [ view_parse ] --START--
INFO: ParseTemplate Behavior ::run [ RunTime:0.008162s ]
INFO: [ view_parse ] --END-- [ RunTime:0.008219s ]
INFO: [ view_filter ] --START--
INFO: ContentReplace Behavior ::run [ RunTime:0.000372s ]
INFO: TokenBuild Behavior ::run [ RunTime:0.000313s ]
INFO: WriteHtmlCache Behavior ::run [ RunTime:0.000242s ]
INFO: ShowRuntime Behavior ::run [ RunTime:0.000390s ]
INFO: [ view_filter ] --END-- [ RunTime:0.001461s ]
INFO: [ view_end ] --START--
INFO: ShowPageTrace Behavior ::run [ RunTime:0.000466s ]
INFO: [ view_end ] --END-- [ RunTime:0.000515s ]

[ 2014-07-20T14:37:00+08:00 ] 221.224.47.221 /kedabao/index.php/Admin/Member/memberList
INFO: [ route_check ] --START--
INFO: CheckRoute Behavior ::run [ RunTime:0.000594s ]
INFO: [ route_check ] --END-- [ RunTime:0.000689s ]
INFO: [ app_begin ] --START--
INFO: ReadHtmlCache Behavior ::run [ RunTime:0.000426s ]
INFO: [ app_begin ] --END-- [ RunTime:0.000487s ]
SQL: SHOW COLUMNS FROM `members` [ RunTime:0.001678s ]
SQL: SELECT COUNT(*) AS tp_count FROM `members` LIMIT 1   [ RunTime:0.001047s ]
SQL: SELECT `uid`,`username`,`score`,`company`,`content`,`del` FROM `members` WHERE ( `del` = 0 ) ORDER BY uid asc LIMIT 0,8   [ RunTime:0.001105s ]
INFO: [ view_parse ] --START--
INFO: ParseTemplate Behavior ::run [ RunTime:0.009325s ]
INFO: [ view_parse ] --END-- [ RunTime:0.009388s ]
INFO: [ view_filter ] --START--
INFO: ContentReplace Behavior ::run [ RunTime:0.000349s ]
INFO: TokenBuild Behavior ::run [ RunTime:0.000313s ]
INFO: WriteHtmlCache Behavior ::run [ RunTime:0.000255s ]
INFO: ShowRuntime Behavior ::run [ RunTime:0.000362s ]
INFO: [ view_filter ] --END-- [ RunTime:0.001425s ]
INFO: [ view_end ] --START--
INFO: ShowPageTrace Behavior ::run [ RunTime:0.000456s ]
INFO: [ view_end ] --END-- [ RunTime:0.000507s ]

[ 2014-07-20T14:37:06+08:00 ] 221.224.47.221 /kedabao/index.php/Admin/Member/memberSelect
INFO: [ route_check ] --START--
INFO: CheckRoute Behavior ::run [ RunTime:0.000607s ]
INFO: [ route_check ] --END-- [ RunTime:0.000701s ]
INFO: [ app_begin ] --START--
INFO: ReadHtmlCache Behavior ::run [ RunTime:0.000417s ]
INFO: [ app_begin ] --END-- [ RunTime:0.000477s ]
SQL: SHOW COLUMNS FROM `members` [ RunTime:0.002041s ]
SQL: SELECT COUNT(*) AS tp_count FROM `members` LIMIT 1   [ RunTime:0.000995s ]
SQL: SELECT * FROM `members` ORDER BY uid asc LIMIT 0,8   [ RunTime:0.001071s ]
INFO: [ view_parse ] --START--
INFO: ParseTemplate Behavior ::run [ RunTime:0.008751s ]
INFO: [ view_parse ] --END-- [ RunTime:0.008808s ]
INFO: [ view_filter ] --START--
INFO: ContentReplace Behavior ::run [ RunTime:0.000358s ]
INFO: TokenBuild Behavior ::run [ RunTime:0.000310s ]
INFO: WriteHtmlCache Behavior ::run [ RunTime:0.000242s ]
INFO: ShowRuntime Behavior ::run [ RunTime:0.000371s ]
INFO: [ view_filter ] --END-- [ RunTime:0.001430s ]
INFO: [ view_end ] --START--
INFO: ShowPageTrace Behavior ::run [ RunTime:0.000444s ]
INFO: [ view_end ] --END-- [ RunTime:0.000494s ]

[ 2014-07-20T14:37:08+08:00 ] 221.224.47.221 /kedabao/index.php/Admin/Member/memberRedirect/uid/100004
INFO: [ route_check ] --START--
INFO: CheckRoute Behavior ::run [ RunTime:0.000600s ]
INFO: [ route_check ] --END-- [ RunTime:0.000692s ]
INFO: [ app_begin ] --START--
INFO: ReadHtmlCache Behavior ::run [ RunTime:0.000424s ]
INFO: [ app_begin ] --END-- [ RunTime:0.000485s ]

[ 2014-07-20T14:37:08+08:00 ] 221.224.47.221 /kedabao/index.php/Customer/Index/index
INFO: [ route_check ] --START--
INFO: CheckRoute Behavior ::run [ RunTime:0.000587s ]
INFO: [ route_check ] --END-- [ RunTime:0.000690s ]
INFO: [ app_begin ] --START--
INFO: ReadHtmlCache Behavior ::run [ RunTime:0.000441s ]
INFO: [ app_begin ] --END-- [ RunTime:0.000499s ]
INFO: [ view_parse ] --START--
NOTIC: [8] Use of undefined constant admin - assumed 'admin' /data/home/hlu022149/htdocs/kedabao/App/Runtime/Cache/Customer/a69567ef7d026f560fbb862e1e569254.php 第 40 行.
NOTIC: [8] Use of undefined constant admin - assumed 'admin' /data/home/hlu022149/htdocs/kedabao/App/Runtime/Cache/Customer/a69567ef7d026f560fbb862e1e569254.php 第 101 行.
INFO: ParseTemplate Behavior ::run [ RunTime:0.009019s ]
INFO: [ view_parse ] --END-- [ RunTime:0.009074s ]
INFO: [ view_filter ] --START--
INFO: ContentReplace Behavior ::run [ RunTime:0.000353s ]
INFO: TokenBuild Behavior ::run [ RunTime:0.000329s ]
INFO: WriteHtmlCache Behavior ::run [ RunTime:0.000245s ]
INFO: ShowRuntime Behavior ::run [ RunTime:0.000368s ]
INFO: [ view_filter ] --END-- [ RunTime:0.001437s ]
INFO: [ view_end ] --START--
INFO: ShowPageTrace Behavior ::run [ RunTime:0.000461s ]
INFO: [ view_end ] --END-- [ RunTime:0.000511s ]

[ 2014-07-20T14:37:11+08:00 ] 221.224.47.221 /kedabao/index.php/Customer/Wxconf/buttons
INFO: [ route_check ] --START--
INFO: CheckRoute Behavior ::run [ RunTime:0.000620s ]
INFO: [ route_check ] --END-- [ RunTime:0.000713s ]
INFO: [ app_begin ] --START--
INFO: ReadHtmlCache Behavior ::run [ RunTime:0.000433s ]
INFO: [ app_begin ] --END-- [ RunTime:0.000499s ]
SQL: SHOW COLUMNS FROM `wx_button1` [ RunTime:0.002539s ]
SQL: SELECT * FROM `wx_button1` WHERE ( uid=100004 ) ORDER BY sort asc  [ RunTime:0.001849s ]
SQL: SHOW COLUMNS FROM `wx_button2` [ RunTime:0.002281s ]
SQL: SELECT `id`,`key`,`url`,`type`,`name2`,`sort` FROM `wx_button2` WHERE ( 1=1 AND bid='42' )  [ RunTime:0.001716s ]
SQL: SELECT `id`,`key`,`url`,`type`,`name2`,`sort` FROM `wx_button2` WHERE ( 1=1 AND bid='43' )  [ RunTime:0.001651s ]
SQL: SHOW COLUMNS FROM `wxconf` [ RunTime:0.002249s ]
SQL: SELECT `subtime` FROM `wxconf` WHERE ( uid=100004 ) LIMIT 1   [ RunTime:0.001689s ]
INFO: [ view_parse ] --START--
NOTIC: [8] Use of undefined constant admin - assumed 'admin' /data/home/hlu022149/htdocs/kedabao/App/Runtime/Cache/Customer/8da7795760b5fbc2c16ae174532c1229.php 第 62 行.
NOTIC: [8] Use of undefined constant admin - assumed 'admin' /data/home/hlu022149/htdocs/kedabao/App/Runtime/Cache/Customer/8da7795760b5fbc2c16ae174532c1229.php 第 123 行.
NOTIC: [8] Use of undefined constant click - assumed 'click' /data/home/hlu022149/htdocs/kedabao/App/Runtime/Cache/Customer/8da7795760b5fbc2c16ae174532c1229.php 第 207 行.
NOTIC: [8] Use of undefined constant admin - assumed 'admin' /data/home/hlu022149/htdocs/kedabao/App/Runtime/Cache/Customer/8da7795760b5fbc2c16ae174532c1229.php 第 217 行.
NOTIC: [8] Use of undefined constant click - assumed 'click' /data/home/hlu022149/htdocs/kedabao/App/Runtime/Cache/Customer/8da7795760b5fbc2c16ae174532c1229.php 第 207 行.
NOTIC: [8] Use of undefined constant admin - assumed 'admin' /data/home/hlu022149/htdocs/kedabao/App/Runtime/Cache/Customer/8da7795760b5fbc2c16ae174532c1229.php 第 217 行.
NOTIC: [8] Use of undefined constant click - assumed 'click' /data/home/hlu022149/htdocs/kedabao/App/Runtime/Cache/Customer/8da7795760b5fbc2c16ae174532c1229.php 第 248 行.
NOTIC: [8] Use of undefined constant click - assumed 'click' /data/home/hlu022149/htdocs/kedabao/App/Runtime/Cache/Customer/8da7795760b5fbc2c16ae174532c1229.php 第 248 行.
INFO: ParseTemplate Behavior ::run [ RunTime:0.016588s ]
INFO: [ view_parse ] --END-- [ RunTime:0.016640s ]
INFO: [ view_filter ] --START--
INFO: ContentReplace Behavior ::run [ RunTime:0.000397s ]
INFO: TokenBuild Behavior ::run [ RunTime:0.000317s ]
INFO: WriteHtmlCache Behavior ::run [ RunTime:0.000247s ]
INFO: ShowRuntime Behavior ::run [ RunTime:0.000380s ]
INFO: [ view_filter ] --END-- [ RunTime:0.001479s ]
INFO: [ view_end ] --START--
INFO: ShowPageTrace Behavior ::run [ RunTime:0.000433s ]
INFO: [ view_end ] --END-- [ RunTime:0.000480s ]

[ 2014-07-20T14:37:28+08:00 ] 221.224.47.221 /kedabao/index.php/Customer/Wxconf/wxconf
INFO: [ route_check ] --START--
INFO: CheckRoute Behavior ::run [ RunTime:0.000604s ]
INFO: [ route_check ] --END-- [ RunTime:0.000698s ]
INFO: [ app_begin ] --START--
INFO: ReadHtmlCache Behavior ::run [ RunTime:0.000452s ]
INFO: [ app_begin ] --END-- [ RunTime:0.000510s ]
SQL: SHOW COLUMNS FROM `wxconf` [ RunTime:0.002159s ]
SQL: SELECT * FROM `wxconf` WHERE ( uid=100004 ) LIMIT 1   [ RunTime:0.001545s ]
INFO: [ view_parse ] --START--
NOTIC: [8] Use of undefined constant admin - assumed 'admin' /data/home/hlu022149/htdocs/kedabao/App/Runtime/Cache/Customer/d25dd8fc38a1ceb07512c62276e534a4.php 第 48 行.
NOTIC: [8] Use of undefined constant admin - assumed 'admin' /data/home/hlu022149/htdocs/kedabao/App/Runtime/Cache/Customer/d25dd8fc38a1ceb07512c62276e534a4.php 第 109 行.
INFO: ParseTemplate Behavior ::run [ RunTime:0.010158s ]
INFO: [ view_parse ] --END-- [ RunTime:0.010215s ]
INFO: [ view_filter ] --START--
INFO: ContentReplace Behavior ::run [ RunTime:0.000360s ]
INFO: TokenBuild Behavior ::run [ RunTime:0.000334s ]
INFO: WriteHtmlCache Behavior ::run [ RunTime:0.000242s ]
INFO: ShowRuntime Behavior ::run [ RunTime:0.000360s ]
INFO: [ view_filter ] --END-- [ RunTime:0.001434s ]
INFO: [ view_end ] --START--
INFO: ShowPageTrace Behavior ::run [ RunTime:0.000478s ]
INFO: [ view_end ] --END-- [ RunTime:0.000528s ]

[ 2014-07-20T14:39:23+08:00 ] 221.224.47.221 /kedabao/index.php/Customer/Member/memberList
INFO: [ route_check ] --START--
INFO: CheckRoute Behavior ::run [ RunTime:0.000937s ]
INFO: [ route_check ] --END-- [ RunTime:0.001048s ]
INFO: [ app_begin ] --START--
INFO: ReadHtmlCache Behavior ::run [ RunTime:0.000462s ]
INFO: [ app_begin ] --END-- [ RunTime:0.000521s ]
SQL: SHOW COLUMNS FROM `members` [ RunTime:0.002614s ]
SQL: SELECT * FROM `members` WHERE ( `uid` = 100004 ) LIMIT 1   [ RunTime:0.001856s ]
INFO: [ view_parse ] --START--
NOTIC: [8] Use of undefined constant admin - assumed 'admin' /data/home/hlu022149/htdocs/kedabao/App/Runtime/Cache/Customer/220f68baf0b638221de32d488bef6c14.php 第 53 行.
NOTIC: [8] Use of undefined constant admin - assumed 'admin' /data/home/hlu022149/htdocs/kedabao/App/Runtime/Cache/Customer/220f68baf0b638221de32d488bef6c14.php 第 114 行.
INFO: ParseTemplate Behavior ::run [ RunTime:0.011381s ]
INFO: [ view_parse ] --END-- [ RunTime:0.011463s ]
INFO: [ view_filter ] --START--
INFO: ContentReplace Behavior ::run [ RunTime:0.000378s ]
INFO: TokenBuild Behavior ::run [ RunTime:0.000317s ]
INFO: WriteHtmlCache Behavior ::run [ RunTime:0.000242s ]
INFO: ShowRuntime Behavior ::run [ RunTime:0.000374s ]
INFO: [ view_filter ] --END-- [ RunTime:0.001454s ]
INFO: [ view_end ] --START--
INFO: ShowPageTrace Behavior ::run [ RunTime:0.000443s ]
INFO: [ view_end ] --END-- [ RunTime:0.000494s ]

[ 2014-07-20T14:39:26+08:00 ] 221.224.47.221 /kedabao/index.php/Customer/Wxconf/buttons
INFO: [ route_check ] --START--
INFO: CheckRoute Behavior ::run [ RunTime:0.000600s ]
INFO: [ route_check ] --END-- [ RunTime:0.000693s ]
INFO: [ app_begin ] --START--
INFO: ReadHtmlCache Behavior ::run [ RunTime:0.000434s ]
INFO: [ app_begin ] --END-- [ RunTime:0.000493s ]
SQL: SHOW COLUMNS FROM `wx_button1` [ RunTime:0.002667s ]
SQL: SELECT * FROM `wx_button1` WHERE ( uid=100004 ) ORDER BY sort asc  [ RunTime:0.001605s ]
SQL: SHOW COLUMNS FROM `wx_button2` [ RunTime:0.002165s ]
SQL: SELECT `id`,`key`,`url`,`type`,`name2`,`sort` FROM `wx_button2` WHERE ( 1=1 AND bid='42' )  [ RunTime:0.001471s ]
SQL: SELECT `id`,`key`,`url`,`type`,`name2`,`sort` FROM `wx_button2` WHERE ( 1=1 AND bid='43' )  [ RunTime:0.001445s ]
SQL: SHOW COLUMNS FROM `wxconf` [ RunTime:0.002045s ]
SQL: SELECT `subtime` FROM `wxconf` WHERE ( uid=100004 ) LIMIT 1   [ RunTime:0.001473s ]
INFO: [ view_parse ] --START--
NOTIC: [8] Use of undefined constant admin - assumed 'admin' /data/home/hlu022149/htdocs/kedabao/App/Runtime/Cache/Customer/8da7795760b5fbc2c16ae174532c1229.php 第 62 行.
NOTIC: [8] Use of undefined constant admin - assumed 'admin' /data/home/hlu022149/htdocs/kedabao/App/Runtime/Cache/Customer/8da7795760b5fbc2c16ae174532c1229.php 第 123 行.
NOTIC: [8] Use of undefined constant click - assumed 'click' /data/home/hlu022149/htdocs/kedabao/App/Runtime/Cache/Customer/8da7795760b5fbc2c16ae174532c1229.php 第 207 行.
NOTIC: [8] Use of undefined constant admin - assumed 'admin' /data/home/hlu022149/htdocs/kedabao/App/Runtime/Cache/Customer/8da7795760b5fbc2c16ae174532c1229.php 第 217 行.
NOTIC: [8] Use of undefined constant click - assumed 'click' /data/home/hlu022149/htdocs/kedabao/App/Runtime/Cache/Customer/8da7795760b5fbc2c16ae174532c1229.php 第 207 行.
NOTIC: [8] Use of undefined constant admin - assumed 'admin' /data/home/hlu022149/htdocs/kedabao/App/Runtime/Cache/Customer/8da7795760b5fbc2c16ae174532c1229.php 第 217 行.
NOTIC: [8] Use of undefined constant click - assumed 'click' /data/home/hlu022149/htdocs/kedabao/App/Runtime/Cache/Customer/8da7795760b5fbc2c16ae174532c1229.php 第 248 行.
NOTIC: [8] Use of undefined constant click - assumed 'click' /data/home/hlu022149/htdocs/kedabao/App/Runtime/Cache/Customer/8da7795760b5fbc2c16ae174532c1229.php 第 248 行.
INFO: ParseTemplate Behavior ::run [ RunTime:0.016617s ]
INFO: [ view_parse ] --END-- [ RunTime:0.016673s ]
INFO: [ view_filter ] --START--
INFO: ContentReplace Behavior ::run [ RunTime:0.000377s ]
INFO: TokenBuild Behavior ::run [ RunTime:0.000328s ]
INFO: WriteHtmlCache Behavior ::run [ RunTime:0.000237s ]
INFO: ShowRuntime Behavior ::run [ RunTime:0.000357s ]
INFO: [ view_filter ] --END-- [ RunTime:0.001440s ]
INFO: [ view_end ] --START--
INFO: ShowPageTrace Behavior ::run [ RunTime:0.000442s ]
INFO: [ view_end ] --END-- [ RunTime:0.000490s ]

[ 2014-07-20T14:39:52+08:00 ] 221.224.47.221 /kedabao/index.php/Customer/Wxconf/index
INFO: [ route_check ] --START--
INFO: CheckRoute Behavior ::run [ RunTime:0.000598s ]
INFO: [ route_check ] --END-- [ RunTime:0.000690s ]
INFO: [ app_begin ] --START--
INFO: ReadHtmlCache Behavior ::run [ RunTime:0.000448s ]
INFO: [ app_begin ] --END-- [ RunTime:0.000512s ]
SQL: SHOW COLUMNS FROM `cats` [ RunTime:0.001847s ]
SQL: SELECT `wx_cats` FROM `cats` WHERE ( uid=100004 )  [ RunTime:0.001243s ]
INFO: [ view_parse ] --START--
NOTIC: [8] Use of undefined constant admin - assumed 'admin' /data/home/hlu022149/htdocs/kedabao/App/Runtime/Cache/Customer/99c8fca812dd63a2f2de5dcce4664ebe.php 第 48 行.
NOTIC: [8] Use of undefined constant admin - assumed 'admin' /data/home/hlu022149/htdocs/kedabao/App/Runtime/Cache/Customer/99c8fca812dd63a2f2de5dcce4664ebe.php 第 109 行.
INFO: ParseTemplate Behavior ::run [ RunTime:0.010725s ]
INFO: [ view_parse ] --END-- [ RunTime:0.010793s ]
INFO: [ view_filter ] --START--
INFO: ContentReplace Behavior ::run [ RunTime:0.000376s ]
INFO: TokenBuild Behavior ::run [ RunTime:0.000327s ]
INFO: WriteHtmlCache Behavior ::run [ RunTime:0.000274s ]
INFO: ShowRuntime Behavior ::run [ RunTime:0.000401s ]
INFO: [ view_filter ] --END-- [ RunTime:0.001543s ]
INFO: [ view_end ] --START--
INFO: ShowPageTrace Behavior ::run [ RunTime:0.000484s ]
INFO: [ view_end ] --END-- [ RunTime:0.000533s ]

[ 2014-07-20T14:39:56+08:00 ] 221.224.47.221 /kedabao/index.php/Customer/Wxconf/buttons
INFO: [ route_check ] --START--
INFO: CheckRoute Behavior ::run [ RunTime:0.000592s ]
INFO: [ route_check ] --END-- [ RunTime:0.000684s ]
INFO: [ app_begin ] --START--
INFO: ReadHtmlCache Behavior ::run [ RunTime:0.000454s ]
INFO: [ app_begin ] --END-- [ RunTime:0.000513s ]
SQL: SHOW COLUMNS FROM `wx_button1` [ RunTime:0.002116s ]
SQL: SELECT * FROM `wx_button1` WHERE ( uid=100004 ) ORDER BY sort asc  [ RunTime:0.001538s ]
SQL: SHOW COLUMNS FROM `wx_button2` [ RunTime:0.001905s ]
SQL: SELECT `id`,`key`,`url`,`type`,`name2`,`sort` FROM `wx_button2` WHERE ( 1=1 AND bid='42' )  [ RunTime:0.001459s ]
SQL: SELECT `id`,`key`,`url`,`type`,`name2`,`sort` FROM `wx_button2` WHERE ( 1=1 AND bid='43' )  [ RunTime:0.001505s ]
SQL: SHOW COLUMNS FROM `wxconf` [ RunTime:0.001960s ]
SQL: SELECT `subtime` FROM `wxconf` WHERE ( uid=100004 ) LIMIT 1   [ RunTime:0.001414s ]
INFO: [ view_parse ] --START--
NOTIC: [8] Use of undefined constant admin - assumed 'admin' /data/home/hlu022149/htdocs/kedabao/App/Runtime/Cache/Customer/8da7795760b5fbc2c16ae174532c1229.php 第 62 行.
NOTIC: [8] Use of undefined constant admin - assumed 'admin' /data/home/hlu022149/htdocs/kedabao/App/Runtime/Cache/Customer/8da7795760b5fbc2c16ae174532c1229.php 第 123 行.
NOTIC: [8] Use of undefined constant click - assumed 'click' /data/home/hlu022149/htdocs/kedabao/App/Runtime/Cache/Customer/8da7795760b5fbc2c16ae174532c1229.php 第 207 行.
NOTIC: [8] Use of undefined constant admin - assumed 'admin' /data/home/hlu022149/htdocs/kedabao/App/Runtime/Cache/Customer/8da7795760b5fbc2c16ae174532c1229.php 第 217 行.
NOTIC: [8] Use of undefined constant click - assumed 'click' /data/home/hlu022149/htdocs/kedabao/App/Runtime/Cache/Customer/8da7795760b5fbc2c16ae174532c1229.php 第 207 行.
NOTIC: [8] Use of undefined constant admin - assumed 'admin' /data/home/hlu022149/htdocs/kedabao/App/Runtime/Cache/Customer/8da7795760b5fbc2c16ae174532c1229.php 第 217 行.
NOTIC: [8] Use of undefined constant click - assumed 'click' /data/home/hlu022149/htdocs/kedabao/App/Runtime/Cache/Customer/8da7795760b5fbc2c16ae174532c1229.php 第 248 行.
NOTIC: [8] Use of undefined constant click - assumed 'click' /data/home/hlu022149/htdocs/kedabao/App/Runtime/Cache/Customer/8da7795760b5fbc2c16ae174532c1229.php 第 248 行.
INFO: ParseTemplate Behavior ::run [ RunTime:0.016675s ]
INFO: [ view_parse ] --END-- [ RunTime:0.016729s ]
INFO: [ view_filter ] --START--
INFO: ContentReplace Behavior ::run [ RunTime:0.000384s ]
INFO: TokenBuild Behavior ::run [ RunTime:0.000334s ]
INFO: WriteHtmlCache Behavior ::run [ RunTime:0.000243s ]
INFO: ShowRuntime Behavior ::run [ RunTime:0.000364s ]
INFO: [ view_filter ] --END-- [ RunTime:0.001467s ]
INFO: [ view_end ] --START--
INFO: ShowPageTrace Behavior ::run [ RunTime:0.000445s ]
INFO: [ view_end ] --END-- [ RunTime:0.000492s ]

[ 2014-07-20T16:42:50+08:00 ] 180.153.183.208 /kedabao/index.php/customer/login/login
INFO: [ route_check ] --START--
INFO: CheckRoute Behavior ::run [ RunTime:0.000619s ]
INFO: [ route_check ] --END-- [ RunTime:0.000712s ]
INFO: [ app_begin ] --START--
INFO: ReadHtmlCache Behavior ::run [ RunTime:0.000436s ]
INFO: [ app_begin ] --END-- [ RunTime:0.000499s ]
ERR: 无法加载模块:login

[ 2014-07-20T16:54:12+08:00 ] 180.153.181.51 /kedabao/index.php/customer/wxconf/buttons
INFO: [ route_check ] --START--
INFO: CheckRoute Behavior ::run [ RunTime:0.000589s ]
INFO: [ route_check ] --END-- [ RunTime:0.000694s ]
INFO: [ app_begin ] --START--
INFO: ReadHtmlCache Behavior ::run [ RunTime:0.000446s ]
INFO: [ app_begin ] --END-- [ RunTime:0.000506s ]
ERR: 无法加载模块:wxconf

[ 2014-07-20T20:10:30+08:00 ] 58.208.166.86 /kedabao/index.php/Customer/Wxdisplay/index/wxcats/%E5%8C%96%E7%BA%A4%E7%B1%BB/uid/100002
INFO: [ route_check ] --START--
INFO: CheckRoute Behavior ::run [ RunTime:0.000599s ]
INFO: [ route_check ] --END-- [ RunTime:0.000692s ]
INFO: [ app_begin ] --START--
INFO: ReadHtmlCache Behavior ::run [ RunTime:0.000874s ]
INFO: [ app_begin ] --END-- [ RunTime:0.000934s ]
SQL: SHOW COLUMNS FROM `cats` [ RunTime:0.002138s ]
SQL: SELECT * FROM `cats` WHERE ( uid=100002 )  [ RunTime:0.001627s ]
SQL: SHOW COLUMNS FROM `dishes` [ RunTime:0.002114s ]
SQL: SELECT `dname`,`picpath`,`url`,`isset` FROM `dishes` WHERE ( isset=1 AND cid='84' )  [ RunTime:0.001600s ]
SQL: SELECT `dname`,`picpath`,`url`,`isset` FROM `dishes` WHERE ( isset=1 AND cid='85' )  [ RunTime:0.001536s ]
SQL: SELECT `dname`,`picpath`,`url`,`isset` FROM `dishes` WHERE ( isset=1 AND cid='86' )  [ RunTime:0.001543s ]
SQL: SELECT `dname`,`picpath`,`url`,`isset` FROM `dishes` WHERE ( isset=1 AND cid='87' )  [ RunTime:0.001519s ]
SQL: SELECT `dname`,`picpath`,`url`,`isset` FROM `dishes` WHERE ( isset=1 AND cid='88' )  [ RunTime:0.001527s ]
SQL: SELECT `dname`,`picpath`,`url`,`isset` FROM `dishes` WHERE ( isset=1 AND cid='90' )  [ RunTime:0.001503s ]
SQL: SELECT `dname`,`picpath`,`url`,`isset` FROM `dishes` WHERE ( isset=1 AND cid='91' )  [ RunTime:0.001611s ]
SQL: SELECT `dname`,`picpath`,`url`,`isset` FROM `dishes` WHERE ( isset=1 AND cid='95' )  [ RunTime:0.001541s ]
NOTIC: [2] unlink() expects parameter 1 to be string, array given /data/home/hlu022149/htdocs/kedabao/App/Modules/Customer/Action/WxdisplayAction.class.php 第 36 行.
NOTIC: [2] unlink() expects parameter 1 to be string, array given /data/home/hlu022149/htdocs/kedabao/App/Modules/Customer/Action/WxdisplayAction.class.php 第 36 行.
NOTIC: [2] unlink() expects parameter 1 to be string, array given /data/home/hlu022149/htdocs/kedabao/App/Modules/Customer/Action/WxdisplayAction.class.php 第 36 行.
NOTIC: [2] unlink() expects parameter 1 to be string, array given /data/home/hlu022149/htdocs/kedabao/App/Modules/Customer/Action/WxdisplayAction.class.php 第 36 行.
NOTIC: [2] unlink() expects parameter 1 to be string, array given /data/home/hlu022149/htdocs/kedabao/App/Modules/Customer/Action/WxdisplayAction.class.php 第 36 行.
INFO: [ view_parse ] --START--
INFO: ParseTemplate Behavior ::run [ RunTime:0.008564s ]
INFO: [ view_parse ] --END-- [ RunTime:0.008627s ]
INFO: [ view_filter ] --START--
INFO: ContentReplace Behavior ::run [ RunTime:0.000354s ]
INFO: TokenBuild Behavior ::run [ RunTime:0.000335s ]
INFO: WriteHtmlCache Behavior ::run [ RunTime:0.000378s ]
INFO: ShowRuntime Behavior ::run [ RunTime:0.000410s ]
INFO: [ view_filter ] --END-- [ RunTime:0.001626s ]
INFO: [ view_end ] --START--
INFO: ShowPageTrace Behavior ::run [ RunTime:0.000446s ]
INFO: [ view_end ] --END-- [ RunTime:0.000498s ]

[ 2014-07-20T20:10:37+08:00 ] 58.208.166.86 /kedabao/index.php/Customer/Wxdisplay/index/wxcats/%E7%BA%BA%E7%BB%87%E7%B1%BB/uid/100002
INFO: [ route_check ] --START--
INFO: CheckRoute Behavior ::run [ RunTime:0.000611s ]
INFO: [ route_check ] --END-- [ RunTime:0.000702s ]
INFO: [ app_begin ] --START--
INFO: ReadHtmlCache Behavior ::run [ RunTime:0.000651s ]
INFO: [ app_begin ] --END-- [ RunTime:0.000709s ]
SQL: SHOW COLUMNS FROM `cats` [ RunTime:0.002402s ]
SQL: SELECT * FROM `cats` WHERE ( uid=100002 )  [ RunTime:0.001805s ]
SQL: SHOW COLUMNS FROM `dishes` [ RunTime:0.002359s ]
SQL: SELECT `dname`,`picpath`,`url`,`isset` FROM `dishes` WHERE ( isset=1 AND cid='84' )  [ RunTime:0.001821s ]
SQL: SELECT `dname`,`picpath`,`url`,`isset` FROM `dishes` WHERE ( isset=1 AND cid='85' )  [ RunTime:0.001751s ]
SQL: SELECT `dname`,`picpath`,`url`,`isset` FROM `dishes` WHERE ( isset=1 AND cid='86' )  [ RunTime:0.001742s ]
SQL: SELECT `dname`,`picpath`,`url`,`isset` FROM `dishes` WHERE ( isset=1 AND cid='87' )  [ RunTime:0.001812s ]
SQL: SELECT `dname`,`picpath`,`url`,`isset` FROM `dishes` WHERE ( isset=1 AND cid='88' )  [ RunTime:0.001801s ]
SQL: SELECT `dname`,`picpath`,`url`,`isset` FROM `dishes` WHERE ( isset=1 AND cid='90' )  [ RunTime:0.001940s ]
SQL: SELECT `dname`,`picpath`,`url`,`isset` FROM `dishes` WHERE ( isset=1 AND cid='91' )  [ RunTime:0.001726s ]
SQL: SELECT `dname`,`picpath`,`url`,`isset` FROM `dishes` WHERE ( isset=1 AND cid='95' )  [ RunTime:0.001725s ]
NOTIC: [2] unlink() expects parameter 1 to be string, array given /data/home/hlu022149/htdocs/kedabao/App/Modules/Customer/Action/WxdisplayAction.class.php 第 36 行.
NOTIC: [2] unlink() expects parameter 1 to be string, array given /data/home/hlu022149/htdocs/kedabao/App/Modules/Customer/Action/WxdisplayAction.class.php 第 36 行.
NOTIC: [2] unlink() expects parameter 1 to be string, array given /data/home/hlu022149/htdocs/kedabao/App/Modules/Customer/Action/WxdisplayAction.class.php 第 36 行.
INFO: [ view_parse ] --START--
INFO: ParseTemplate Behavior ::run [ RunTime:0.008192s ]
INFO: [ view_parse ] --END-- [ RunTime:0.008250s ]
INFO: [ view_filter ] --START--
INFO: ContentReplace Behavior ::run [ RunTime:0.000361s ]
INFO: TokenBuild Behavior ::run [ RunTime:0.000326s ]
INFO: WriteHtmlCache Behavior ::run [ RunTime:0.000377s ]
INFO: ShowRuntime Behavior ::run [ RunTime:0.000382s ]
INFO: [ view_filter ] --END-- [ RunTime:0.001592s ]
INFO: [ view_end ] --START--
INFO: ShowPageTrace Behavior ::run [ RunTime:0.000447s ]
INFO: [ view_end ] --END-- [ RunTime:0.000498s ]

[ 2014-07-20T20:10:44+08:00 ] 58.208.166.86 /kedabao/index.php/Customer/Wxdisplay/index/wxcats/%E7%BA%BA%E7%BB%87%E7%B1%BB/uid/100002/lid/84
INFO: [ route_check ] --START--
INFO: CheckRoute Behavior ::run [ RunTime:0.000621s ]
INFO: [ route_check ] --END-- [ RunTime:0.000721s ]
INFO: [ app_begin ] --START--
INFO: ReadHtmlCache Behavior ::run [ RunTime:0.000640s ]
INFO: [ app_begin ] --END-- [ RunTime:0.000700s ]
SQL: SHOW COLUMNS FROM `cats` [ RunTime:0.001681s ]
SQL: SELECT * FROM `cats` WHERE ( uid=100002 )  [ RunTime:0.001205s ]
SQL: SHOW COLUMNS FROM `dishes` [ RunTime:0.001681s ]
SQL: SELECT `dname`,`picpath`,`url`,`isset` FROM `dishes` WHERE ( isset=1 AND cid='84' )  [ RunTime:0.001130s ]
SQL: SELECT `dname`,`picpath`,`url`,`isset` FROM `dishes` WHERE ( isset=1 AND cid='85' )  [ RunTime:0.001144s ]
SQL: SELECT `dname`,`picpath`,`url`,`isset` FROM `dishes` WHERE ( isset=1 AND cid='86' )  [ RunTime:0.001153s ]
SQL: SELECT `dname`,`picpath`,`url`,`isset` FROM `dishes` WHERE ( isset=1 AND cid='87' )  [ RunTime:0.001078s ]
SQL: SELECT `dname`,`picpath`,`url`,`isset` FROM `dishes` WHERE ( isset=1 AND cid='88' )  [ RunTime:0.001087s ]
SQL: SELECT `dname`,`picpath`,`url`,`isset` FROM `dishes` WHERE ( isset=1 AND cid='90' )  [ RunTime:0.001081s ]
SQL: SELECT `dname`,`picpath`,`url`,`isset` FROM `dishes` WHERE ( isset=1 AND cid='91' )  [ RunTime:0.001178s ]
SQL: SELECT `dname`,`picpath`,`url`,`isset` FROM `dishes` WHERE ( isset=1 AND cid='95' )  [ RunTime:0.001059s ]
NOTIC: [2] unlink() expects parameter 1 to be string, array given /data/home/hlu022149/htdocs/kedabao/App/Modules/Customer/Action/WxdisplayAction.class.php 第 36 行.
NOTIC: [2] unlink() expects parameter 1 to be string, array given /data/home/hlu022149/htdocs/kedabao/App/Modules/Customer/Action/WxdisplayAction.class.php 第 36 行.
NOTIC: [2] unlink() expects parameter 1 to be string, array given /data/home/hlu022149/htdocs/kedabao/App/Modules/Customer/Action/WxdisplayAction.class.php 第 36 行.
INFO: [ view_parse ] --START--
INFO: ParseTemplate Behavior ::run [ RunTime:0.008337s ]
INFO: [ view_parse ] --END-- [ RunTime:0.008423s ]
INFO: [ view_filter ] --START--
INFO: ContentReplace Behavior ::run [ RunTime:0.000380s ]
INFO: TokenBuild Behavior ::run [ RunTime:0.000323s ]
INFO: WriteHtmlCache Behavior ::run [ RunTime:0.000398s ]
INFO: ShowRuntime Behavior ::run [ RunTime:0.000366s ]
INFO: [ view_filter ] --END-- [ RunTime:0.001613s ]
INFO: [ view_end ] --START--
INFO: ShowPageTrace Behavior ::run [ RunTime:0.000475s ]
INFO: [ view_end ] --END-- [ RunTime:0.000528s ]

[ 2014-07-20T20:10:47+08:00 ] 58.208.166.86 /kedabao/index.php/Customer/Wxdisplay/index/wxcats/%E7%BA%BA%E7%BB%87%E7%B1%BB/uid/100002/lid/88
INFO: [ route_check ] --START--
INFO: CheckRoute Behavior ::run [ RunTime:0.000615s ]
INFO: [ route_check ] --END-- [ RunTime:0.000709s ]
INFO: [ app_begin ] --START--

[ 2014-07-20T20:10:49+08:00 ] 58.208.166.86 /kedabao/index.php/Customer/Wxdisplay/index/wxcats/%E7%BA%BA%E7%BB%87%E7%B1%BB/uid/100002/lid/90
INFO: [ route_check ] --START--
INFO: CheckRoute Behavior ::run [ RunTime:0.000620s ]
INFO: [ route_check ] --END-- [ RunTime:0.000718s ]
INFO: [ app_begin ] --START--

[ 2014-07-20T20:10:53+08:00 ] 58.208.166.86 /kedabao/index.php/Customer/Wxdisplay/index/wxcats/%E7%BA%BA%E7%BB%87%E7%B1%BB/uid/100002/lid/91
INFO: [ route_check ] --START--
INFO: CheckRoute Behavior ::run [ RunTime:0.000592s ]
INFO: [ route_check ] --END-- [ RunTime:0.000684s ]
INFO: [ app_begin ] --START--
INFO: ReadHtmlCache Behavior ::run [ RunTime:0.000691s ]
INFO: [ app_begin ] --END-- [ RunTime:0.000751s ]
SQL: SHOW COLUMNS FROM `cats` [ RunTime:0.001961s ]
SQL: SELECT * FROM `cats` WHERE ( uid=100002 )  [ RunTime:0.001127s ]
SQL: SHOW COLUMNS FROM `dishes` [ RunTime:0.001901s ]
SQL: SELECT `dname`,`picpath`,`url`,`isset` FROM `dishes` WHERE ( isset=1 AND cid='84' )  [ RunTime:0.001153s ]
SQL: SELECT `dname`,`picpath`,`url`,`isset` FROM `dishes` WHERE ( isset=1 AND cid='85' )  [ RunTime:0.001103s ]
SQL: SELECT `dname`,`picpath`,`url`,`isset` FROM `dishes` WHERE ( isset=1 AND cid='86' )  [ RunTime:0.001159s ]
SQL: SELECT `dname`,`picpath`,`url`,`isset` FROM `dishes` WHERE ( isset=1 AND cid='87' )  [ RunTime:0.001170s ]
SQL: SELECT `dname`,`picpath`,`url`,`isset` FROM `dishes` WHERE ( isset=1 AND cid='88' )  [ RunTime:0.001105s ]
SQL: SELECT `dname`,`picpath`,`url`,`isset` FROM `dishes` WHERE ( isset=1 AND cid='90' )  [ RunTime:0.001081s ]
SQL: SELECT `dname`,`picpath`,`url`,`isset` FROM `dishes` WHERE ( isset=1 AND cid='91' )  [ RunTime:0.001059s ]
SQL: SELECT `dname`,`picpath`,`url`,`isset` FROM `dishes` WHERE ( isset=1 AND cid='95' )  [ RunTime:0.001074s ]
NOTIC: [2] unlink() expects parameter 1 to be string, array given /data/home/hlu022149/htdocs/kedabao/App/Modules/Customer/Action/WxdisplayAction.class.php 第 36 行.
NOTIC: [2] unlink() expects parameter 1 to be string, array given /data/home/hlu022149/htdocs/kedabao/App/Modules/Customer/Action/WxdisplayAction.class.php 第 36 行.
NOTIC: [2] unlink() expects parameter 1 to be string, array given /data/home/hlu022149/htdocs/kedabao/App/Modules/Customer/Action/WxdisplayAction.class.php 第 36 行.
INFO: [ view_parse ] --START--
INFO: ParseTemplate Behavior ::run [ RunTime:0.008253s ]
INFO: [ view_parse ] --END-- [ RunTime:0.008312s ]
INFO: [ view_filter ] --START--
INFO: ContentReplace Behavior ::run [ RunTime:0.000364s ]
INFO: TokenBuild Behavior ::run [ RunTime:0.000328s ]
INFO: WriteHtmlCache Behavior ::run [ RunTime:0.000379s ]
INFO: ShowRuntime Behavior ::run [ RunTime:0.000363s ]
INFO: [ view_filter ] --END-- [ RunTime:0.001577s ]
INFO: [ view_end ] --START--
INFO: ShowPageTrace Behavior ::run [ RunTime:0.000446s ]
INFO: [ view_end ] --END-- [ RunTime:0.000500s ]

[ 2014-07-20T20:10:55+08:00 ] 58.208.166.86 /kedabao/index.php/Customer/Wxdisplay/index/wxcats/%E7%BA%BA%E7%BB%87%E7%B1%BB/uid/100002/lid/95
INFO: [ route_check ] --START--
INFO: CheckRoute Behavior ::run [ RunTime:0.000609s ]
INFO: [ route_check ] --END-- [ RunTime:0.000699s ]
INFO: [ app_begin ] --START--

[ 2014-07-20T20:11:29+08:00 ] 58.208.166.86 /kedabao/index.php/Customer/Wxdisplay/index/wxcats/%E7%BA%BA%E7%BB%87%E7%B1%BB/uid/100002/lid/91
INFO: [ route_check ] --START--
INFO: CheckRoute Behavior ::run [ RunTime:0.000605s ]
INFO: [ route_check ] --END-- [ RunTime:0.000696s ]
INFO: [ app_begin ] --START--
INFO: ReadHtmlCache Behavior ::run [ RunTime:0.000652s ]
INFO: [ app_begin ] --END-- [ RunTime:0.000713s ]
SQL: SHOW COLUMNS FROM `cats` [ RunTime:0.002216s ]
SQL: SELECT * FROM `cats` WHERE ( uid=100002 )  [ RunTime:0.001586s ]
SQL: SHOW COLUMNS FROM `dishes` [ RunTime:0.002135s ]
SQL: SELECT `dname`,`picpath`,`url`,`isset` FROM `dishes` WHERE ( isset=1 AND cid='84' )  [ RunTime:0.001544s ]
SQL: SELECT `dname`,`picpath`,`url`,`isset` FROM `dishes` WHERE ( isset=1 AND cid='85' )  [ RunTime:0.001516s ]
SQL: SELECT `dname`,`picpath`,`url`,`isset` FROM `dishes` WHERE ( isset=1 AND cid='86' )  [ RunTime:0.001490s ]
SQL: SELECT `dname`,`picpath`,`url`,`isset` FROM `dishes` WHERE ( isset=1 AND cid='87' )  [ RunTime:0.001488s ]
SQL: SELECT `dname`,`picpath`,`url`,`isset` FROM `dishes` WHERE ( isset=1 AND cid='88' )  [ RunTime:0.001483s ]
SQL: SELECT `dname`,`picpath`,`url`,`isset` FROM `dishes` WHERE ( isset=1 AND cid='90' )  [ RunTime:0.001560s ]
SQL: SELECT `dname`,`picpath`,`url`,`isset` FROM `dishes` WHERE ( isset=1 AND cid='91' )  [ RunTime:0.001533s ]
SQL: SELECT `dname`,`picpath`,`url`,`isset` FROM `dishes` WHERE ( isset=1 AND cid='95' )  [ RunTime:0.001576s ]
NOTIC: [2] unlink() expects parameter 1 to be string, array given /data/home/hlu022149/htdocs/kedabao/App/Modules/Customer/Action/WxdisplayAction.class.php 第 36 行.
NOTIC: [2] unlink() expects parameter 1 to be string, array given /data/home/hlu022149/htdocs/kedabao/App/Modules/Customer/Action/WxdisplayAction.class.php 第 36 行.
NOTIC: [2] unlink() expects parameter 1 to be string, array given /data/home/hlu022149/htdocs/kedabao/App/Modules/Customer/Action/WxdisplayAction.class.php 第 36 行.
INFO: [ view_parse ] --START--
INFO: ParseTemplate Behavior ::run [ RunTime:0.008195s ]
INFO: [ view_parse ] --END-- [ RunTime:0.008254s ]
INFO: [ view_filter ] --START--
INFO: ContentReplace Behavior ::run [ RunTime:0.000374s ]
INFO: TokenBuild Behavior ::run [ RunTime:0.000311s ]
INFO: WriteHtmlCache Behavior ::run [ RunTime:0.000372s ]
INFO: ShowRuntime Behavior ::run [ RunTime:0.000375s ]
INFO: [ view_filter ] --END-- [ RunTime:0.001576s ]
INFO: [ view_end ] --START--
INFO: ShowPageTrace Behavior ::run [ RunTime:0.000444s ]
INFO: [ view_end ] --END-- [ RunTime:0.000495s ]

[ 2014-07-20T20:11:35+08:00 ] 58.208.166.86 /kedabao/index.php/Prodisplay/index/pid/82/uid/100002
INFO: [ route_check ] --START--
INFO: CheckRoute Behavior ::run [ RunTime:0.000597s ]
INFO: [ route_check ] --END-- [ RunTime:0.000696s ]
INFO: [ app_begin ] --START--
INFO: ReadHtmlCache Behavior ::run [ RunTime:0.000630s ]
INFO: [ app_begin ] --END-- [ RunTime:0.000703s ]
SQL: SHOW COLUMNS FROM `prodisplay` [ RunTime:0.002584s ]
SQL: SELECT * FROM `prodisplay` WHERE ( `pid` = 82 ) AND ( `uid` = 100002 )  [ RunTime:0.001494s ]
SQL: SHOW COLUMNS FROM `dishes` [ RunTime:0.002088s ]
SQL: SELECT `picpath` FROM `dishes` WHERE ( 1=1 AND id='82' ) LIMIT 1   [ RunTime:0.001190s ]
INFO: [ view_parse ] --START--
INFO: ParseTemplate Behavior ::run [ RunTime:0.007078s ]
INFO: [ view_parse ] --END-- [ RunTime:0.007141s ]
INFO: [ view_filter ] --START--
INFO: ContentReplace Behavior ::run [ RunTime:0.000330s ]
INFO: TokenBuild Behavior ::run [ RunTime:0.000330s ]
INFO: WriteHtmlCache Behavior ::run [ RunTime:0.000362s ]
INFO: ShowRuntime Behavior ::run [ RunTime:0.000366s ]
INFO: [ view_filter ] --END-- [ RunTime:0.001531s ]
INFO: [ view_end ] --START--
INFO: ShowPageTrace Behavior ::run [ RunTime:0.000442s ]
INFO: [ view_end ] --END-- [ RunTime:0.000492s ]

